# JRE version: Java(TM) SE Runtime Environment (17.0.12+8) (build 17.0.12+8-LTS-286)
# Java VM: Java HotSpot(TM) 64-Bit Server VM (17.0.12+8-LTS-286, mixed mode, sharing, tiered, compressed oops, compressed class ptrs, g1 gc, windows-amd64)
GC Precious Log:
 CPUs: 4 total, 4 available
 Memory: 7818M
 Large Page Support: Disabled
 NUMA Support: Disabled
 Compressed Oops: Enabled (32-bit)
 Heap Region Size: 1M
 Heap Min Capacity: 8M
 Heap Initial Capacity: 124M
 Heap Max Capacity: 1956M
 Pre-touch: Disabled
 Parallel Workers: 4
 Concurrent Workers: 1
 Concurrent Refinement Workers: 4
 Periodic GC: Disabled
Heap:
 garbage-first heap   total 118784K, used 91951K [0x0000000085c00000, 0x0000000100000000)
  region size 1024K, 45 young (46080K), 2 survivors (2048K)
 Metaspace       used 86179K, committed 86976K, reserved 1179648K
  class space    used 11402K, committed 11776K, reserved 1048576K
GC Heap History (20 events):
Event: 12.523 GC heap before
{Heap before GC invocations=19 (full 0):
 garbage-first heap   total 81920K, used 64877K [0x0000000085c00000, 0x0000000100000000)
  region size 1024K, 31 young (31744K), 4 survivors (4096K)
 Metaspace       used 66645K, committed 67200K, reserved 1114112K
  class space    used 9175K, committed 9472K, reserved 1048576K
}
Event: 12.527 GC heap after
{Heap after GC invocations=20 (full 0):
 garbage-first heap   total 81920K, used 36359K [0x0000000085c00000, 0x0000000100000000)
  region size 1024K, 1 young (1024K), 1 survivors (1024K)
 Metaspace       used 66645K, committed 67200K, reserved 1114112K
  class space    used 9175K, committed 9472K, reserved 1048576K
}
Event: 13.053 GC heap before
{Heap before GC invocations=20 (full 0):
 garbage-first heap   total 81920K, used 66055K [0x0000000085c00000, 0x0000000100000000)
  region size 1024K, 30 young (30720K), 1 survivors (1024K)
 Metaspace       used 67789K, committed 68352K, reserved 1114112K
  class space    used 9303K, committed 9536K, reserved 1048576K
}
Event: 13.060 GC heap after
{Heap after GC invocations=21 (full 0):
 garbage-first heap   total 98304K, used 37514K [0x0000000085c00000, 0x0000000100000000)
  region size 1024K, 2 young (2048K), 2 survivors (2048K)
 Metaspace       used 67789K, committed 68352K, reserved 1114112K
  class space    used 9303K, committed 9536K, reserved 1048576K
}
Event: 13.295 GC heap before
{Heap before GC invocations=21 (full 0):
 garbage-first heap   total 98304K, used 78474K [0x0000000085c00000, 0x0000000100000000)
  region size 1024K, 42 young (43008K), 2 survivors (2048K)
 Metaspace       used 68076K, committed 68672K, reserved 1114112K
  class space    used 9327K, committed 9600K, reserved 1048576K
}
Event: 13.301 GC heap after
{Heap after GC invocations=22 (full 0):
 garbage-first heap   total 98304K, used 40134K [0x0000000085c00000, 0x0000000100000000)
  region size 1024K, 5 young (5120K), 5 survivors (5120K)
 Metaspace       used 68076K, committed 68672K, reserved 1114112K
  class space    used 9327K, committed 9600K, reserved 1048576K
}
Event: 13.910 GC heap before
{Heap before GC invocations=22 (full 0):
 garbage-first heap   total 98304K, used 78022K [0x0000000085c00000, 0x0000000100000000)
  region size 1024K, 42 young (43008K), 5 survivors (5120K)
 Metaspace       used 70226K, committed 70720K, reserved 1114112K
  class space    used 9535K, committed 9792K, reserved 1048576K
}
Event: 13.918 GC heap after
{Heap after GC invocations=23 (full 0):
 garbage-first heap   total 98304K, used 41046K [0x0000000085c00000, 0x0000000100000000)
  region size 1024K, 4 young (4096K), 4 survivors (4096K)
 Metaspace       used 70226K, committed 70720K, reserved 1114112K
  class space    used 9535K, committed 9792K, reserved 1048576K
}
Event: 15.346 GC heap before
{Heap before GC invocations=23 (full 0):
 garbage-first heap   total 98304K, used 78934K [0x0000000085c00000, 0x0000000100000000)
  region size 1024K, 41 young (41984K), 4 survivors (4096K)
 Metaspace       used 72852K, committed 73408K, reserved 1114112K
  class space    used 9890K, committed 10176K, reserved 1048576K
}
Event: 15.356 GC heap after
{Heap after GC invocations=24 (full 0):
 garbage-first heap   total 98304K, used 44572K [0x0000000085c00000, 0x0000000100000000)
  region size 1024K, 6 young (6144K), 6 survivors (6144K)
 Metaspace       used 72852K, committed 73408K, reserved 1114112K
  class space    used 9890K, committed 10176K, reserved 1048576K
}
Event: 19.441 GC heap before
{Heap before GC invocations=24 (full 0):
 garbage-first heap   total 98304K, used 54812K [0x0000000085c00000, 0x0000000100000000)
  region size 1024K, 17 young (17408K), 6 survivors (6144K)
 Metaspace       used 74220K, committed 74816K, reserved 1114112K
  class space    used 10062K, committed 10368K, reserved 1048576K
}
Event: 19.453 GC heap after
{Heap after GC invocations=25 (full 0):
 garbage-first heap   total 98304K, used 45386K [0x0000000085c00000, 0x0000000100000000)
  region size 1024K, 2 young (2048K), 2 survivors (2048K)
 Metaspace       used 74220K, committed 74816K, reserved 1114112K
  class space    used 10062K, committed 10368K, reserved 1048576K
}
Event: 21.175 GC heap before
{Heap before GC invocations=26 (full 0):
 garbage-first heap   total 98304K, used 78154K [0x0000000085c00000, 0x0000000100000000)
  region size 1024K, 35 young (35840K), 2 survivors (2048K)
 Metaspace       used 79975K, committed 80576K, reserved 1179648K
  class space    used 10960K, committed 11264K, reserved 1048576K
}
Event: 21.192 GC heap after
{Heap after GC invocations=27 (full 0):
 garbage-first heap   total 98304K, used 47474K [0x0000000085c00000, 0x0000000100000000)
  region size 1024K, 4 young (4096K), 4 survivors (4096K)
 Metaspace       used 79975K, committed 80576K, reserved 1179648K
  class space    used 10960K, committed 11264K, reserved 1048576K
}
Event: 21.240 GC heap before
{Heap before GC invocations=27 (full 0):
 garbage-first heap   total 98304K, used 48498K [0x0000000085c00000, 0x0000000100000000)
  region size 1024K, 5 young (5120K), 4 survivors (4096K)
 Metaspace       used 80085K, committed 80704K, reserved 1179648K
  class space    used 10969K, committed 11264K, reserved 1048576K
}
Event: 21.254 GC heap after
{Heap after GC invocations=28 (full 0):
 garbage-first heap   total 118784K, used 47560K [0x0000000085c00000, 0x0000000100000000)
  region size 1024K, 1 young (1024K), 1 survivors (1024K)
 Metaspace       used 80085K, committed 80704K, reserved 1179648K
  class space    used 10969K, committed 11264K, reserved 1048576K
}
Event: 174.240 GC heap before
{Heap before GC invocations=28 (full 0):
 garbage-first heap   total 118784K, used 94664K [0x0000000085c00000, 0x0000000100000000)
  region size 1024K, 47 young (48128K), 1 survivors (1024K)
 Metaspace       used 83308K, committed 83968K, reserved 1179648K
  class space    used 11218K, committed 11520K, reserved 1048576K
}
Event: 174.246 GC heap after
{Heap after GC invocations=29 (full 0):
 garbage-first heap   total 118784K, used 48473K [0x0000000085c00000, 0x0000000100000000)
  region size 1024K, 2 young (2048K), 2 survivors (2048K)
 Metaspace       used 83308K, committed 83968K, reserved 1179648K
  class space    used 11218K, committed 11520K, reserved 1048576K
}
Event: 840.421 GC heap before
{Heap before GC invocations=29 (full 0):
 garbage-first heap   total 118784K, used 94553K [0x0000000085c00000, 0x0000000100000000)
  region size 1024K, 48 young (49152K), 2 survivors (2048K)
 Metaspace       used 85177K, committed 85952K, reserved 1179648K
  class space    used 11358K, committed 11712K, reserved 1048576K
}
Event: 840.428 GC heap after
{Heap after GC invocations=30 (full 0):
 garbage-first heap   total 118784K, used 48943K [0x0000000085c00000, 0x0000000100000000)
  region size 1024K, 2 young (2048K), 2 survivors (2048K)
 Metaspace       used 85177K, committed 85952K, reserved 1179648K
  class space    used 11358K, committed 11712K, reserved 1048576K
}

